<?xml version="1.0" encoding="UTF-8"?>
<testng-results ignored="0" total="1" passed="1" failed="0" skipped="0">
  <reporter-output>
  </reporter-output>
  <suite started-at="2025-04-29T10:43:35 IST" name="Suite" finished-at="2025-04-29T10:43:40 IST" duration-ms="4983">
    <groups>
    </groups>
    <test started-at="2025-04-29T10:43:35 IST" name="Test" finished-at="2025-04-29T10:43:40 IST" duration-ms="4983">
      <class name="Test.myfirst">
        <test-method signature="get()[pri:0, instance:Test.myfirst@3349e9bb]" started-at="2025-04-29T10:43:35 IST" name="get" finished-at="2025-04-29T10:43:40 IST" duration-ms="4899" status="PASS">
          <reporter-output>
          </reporter-output>
        </test-method> <!-- get -->
      </class> <!-- Test.myfirst -->
    </test> <!-- Test -->
  </suite> <!-- Suite -->
</testng-results>
